<?xml version="1.0" encoding="UTF-8"?>
<!-- Generated by org.testng.reporters.JUnitReportReporter -->
<testsuite hostname="DESKTOP-M2LHE37" failures="0" tests="1" name="ExtentDemo.ExtentSingle_Test" time="45.404" errors="0" timestamp="2022-11-13T12:38:01 IST" skipped="0">
  <testcase classname="ExtentDemo.ExtentSingle_Test" name="businesslogic_1" time="45.404"/>
  <system-out/>
</testsuite> <!-- ExtentDemo.ExtentSingle_Test -->
